# JRE version: Java(TM) SE Runtime Environment (8.0_144-b01) (build 1.8.0_144-b01)
# Java VM: Java HotSpot(TM) 64-Bit Server VM (25.144-b01 mixed mode windows-amd64 compressed oops)
Heap:
 PSYoungGen      total 374784K, used 145919K [0x00000000d6100000, 0x00000000fb000000, 0x0000000100000000)
  eden space 145920K, 99% used [0x00000000d6100000,0x00000000def7fff8,0x00000000def80000)
  from space 228864K, 0% used [0x00000000ecf00000,0x00000000ecf00000,0x00000000fae80000)
  to   space 228864K, 0% used [0x00000000def80000,0x00000000def80000,0x00000000ecf00000)
 ParOldGen       total 1375232K, used 1374925K [0x0000000082200000, 0x00000000d6100000, 0x00000000d6100000)
  object space 1375232K, 99% used [0x0000000082200000,0x00000000d60b3600,0x00000000d6100000)
 Metaspace       used 4174K, capacity 4670K, committed 4864K, reserved 1056768K
  class space    used 477K, capacity 494K, committed 512K, reserved 1048576K
GC Heap History (10 events):
Event: 147.483 GC heap after
Heap after GC invocations=43 (full 27):
 PSYoungGen      total 374784K, used 145919K [0x00000000d6100000, 0x00000000fb000000, 0x0000000100000000)
  eden space 145920K, 99% used [0x00000000d6100000,0x00000000def7fff8,0x00000000def80000)
  from space 228864K, 0% used [0x00000000ecf00000,0x00000000ecf00000,0x00000000fae80000)
  to   space 228864K, 0% used [0x00000000def80000,0x00000000def80000,0x00000000ecf00000)
 ParOldGen       total 1375232K, used 1374913K [0x0000000082200000, 0x00000000d6100000, 0x00000000d6100000)
  object space 1375232K, 99% used [0x0000000082200000,0x00000000d60b05f0,0x00000000d6100000)
 Metaspace       used 4174K, capacity 4670K, committed 4864K, reserved 1056768K
  class space    used 477K, capacity 494K, committed 512K, reserved 1048576K
}
Event: 147.493 GC heap before
{Heap before GC invocations=44 (full 28):
 PSYoungGen      total 374784K, used 145919K [0x00000000d6100000, 0x00000000fb000000, 0x0000000100000000)
  eden space 145920K, 99% used [0x00000000d6100000,0x00000000def7fff8,0x00000000def80000)
  from space 228864K, 0% used [0x00000000ecf00000,0x00000000ecf00000,0x00000000fae80000)
  to   space 228864K, 0% used [0x00000000def80000,0x00000000def80000,0x00000000ecf00000)
 ParOldGen       total 1375232K, used 1374915K [0x0000000082200000, 0x00000000d6100000, 0x00000000d6100000)
  object space 1375232K, 99% used [0x0000000082200000,0x00000000d60b0f98,0x00000000d6100000)
 Metaspace       used 4174K, capacity 4670K, committed 4864K, reserved 1056768K
  class space    used 477K, capacity 494K, committed 512K, reserved 1048576K
Event: 153.424 GC heap after
Heap after GC invocations=44 (full 28):
 PSYoungGen      total 374784K, used 145919K [0x00000000d6100000, 0x00000000fb000000, 0x0000000100000000)
  eden space 145920K, 99% used [0x00000000d6100000,0x00000000def7fff8,0x00000000def80000)
  from space 228864K, 0% used [0x00000000ecf00000,0x00000000ecf00000,0x00000000fae80000)
  to   space 228864K, 0% used [0x00000000def80000,0x00000000def80000,0x00000000ecf00000)
 ParOldGen       total 1375232K, used 1374915K [0x0000000082200000, 0x00000000d6100000, 0x00000000d6100000)
  object space 1375232K, 99% used [0x0000000082200000,0x00000000d60b0f98,0x00000000d6100000)
 Metaspace       used 4174K, capacity 4670K, committed 4864K, reserved 1056768K
  class space    used 477K, capacity 494K, committed 512K, reserved 1048576K
}
Event: 153.424 GC heap before
{Heap before GC invocations=45 (full 29):
 PSYoungGen      total 374784K, used 145919K [0x00000000d6100000, 0x00000000fb000000, 0x0000000100000000)
  eden space 145920K, 99% used [0x00000000d6100000,0x00000000def7fff8,0x00000000def80000)
  from space 228864K, 0% used [0x00000000ecf00000,0x00000000ecf00000,0x00000000fae80000)
  to   space 228864K, 0% used [0x00000000def80000,0x00000000def80000,0x00000000ecf00000)
 ParOldGen       total 1375232K, used 1374918K [0x0000000082200000, 0x00000000d6100000, 0x00000000d6100000)
  object space 1375232K, 99% used [0x0000000082200000,0x00000000d60b1928,0x00000000d6100000)
 Metaspace       used 4174K, capacity 4670K, committed 4864K, reserved 1056768K
  class space    used 477K, capacity 494K, committed 512K, reserved 1048576K
Event: 159.448 GC heap after
Heap after GC invocations=45 (full 29):
 PSYoungGen      total 374784K, used 145919K [0x00000000d6100000, 0x00000000fb000000, 0x0000000100000000)
  eden space 145920K, 99% used [0x00000000d6100000,0x00000000def7fff8,0x00000000def80000)
  from space 228864K, 0% used [0x00000000ecf00000,0x00000000ecf00000,0x00000000fae80000)
  to   space 228864K, 0% used [0x00000000def80000,0x00000000def80000,0x00000000ecf00000)
 ParOldGen       total 1375232K, used 1374918K [0x0000000082200000, 0x00000000d6100000, 0x00000000d6100000)
  object space 1375232K, 99% used [0x0000000082200000,0x00000000d60b1928,0x00000000d6100000)
 Metaspace       used 4174K, capacity 4670K, committed 4864K, reserved 1056768K
  class space    used 477K, capacity 494K, committed 512K, reserved 1048576K
}
Event: 159.448 GC heap before
{Heap before GC invocations=46 (full 30):
 PSYoungGen      total 374784K, used 145919K [0x00000000d6100000, 0x00000000fb000000, 0x0000000100000000)
  eden space 145920K, 99% used [0x00000000d6100000,0x00000000def7fff8,0x00000000def80000)
  from space 228864K, 0% used [0x00000000ecf00000,0x00000000ecf00000,0x00000000fae80000)
  to   space 228864K, 0% used [0x00000000def80000,0x00000000def80000,0x00000000ecf00000)
 ParOldGen       total 1375232K, used 1374920K [0x0000000082200000, 0x00000000d6100000, 0x00000000d6100000)
  object space 1375232K, 99% used [0x0000000082200000,0x00000000d60b22d0,0x00000000d6100000)
 Metaspace       used 4174K, capacity 4670K, committed 4864K, reserved 1056768K
  class space    used 477K, capacity 494K, committed 512K, reserved 1048576K
Event: 165.462 GC heap after
Heap after GC invocations=46 (full 30):
 PSYoungGen      total 374784K, used 145919K [0x00000000d6100000, 0x00000000fb000000, 0x0000000100000000)
  eden space 145920K, 99% used [0x00000000d6100000,0x00000000def7fff8,0x00000000def80000)
  from space 228864K, 0% used [0x00000000ecf00000,0x00000000ecf00000,0x00000000fae80000)
  to   space 228864K, 0% used [0x00000000def80000,0x00000000def80000,0x00000000ecf00000)
 ParOldGen       total 1375232K, used 1374920K [0x0000000082200000, 0x00000000d6100000, 0x00000000d6100000)
  object space 1375232K, 99% used [0x0000000082200000,0x00000000d60b22d0,0x00000000d6100000)
 Metaspace       used 4174K, capacity 4670K, committed 4864K, reserved 1056768K
  class space    used 477K, capacity 494K, committed 512K, reserved 1048576K
}
Event: 165.473 GC heap before
{Heap before GC invocations=47 (full 31):
 PSYoungGen      total 374784K, used 145919K [0x00000000d6100000, 0x00000000fb000000, 0x0000000100000000)
  eden space 145920K, 99% used [0x00000000d6100000,0x00000000def7fff8,0x00000000def80000)
  from space 228864K, 0% used [0x00000000ecf00000,0x00000000ecf00000,0x00000000fae80000)
  to   space 228864K, 0% used [0x00000000def80000,0x00000000def80000,0x00000000ecf00000)
 ParOldGen       total 1375232K, used 1374923K [0x0000000082200000, 0x00000000d6100000, 0x00000000d6100000)
  object space 1375232K, 99% used [0x0000000082200000,0x00000000d60b2c60,0x00000000d6100000)
 Metaspace       used 4174K, capacity 4670K, committed 4864K, reserved 1056768K
  class space    used 477K, capacity 494K, committed 512K, reserved 1048576K
Event: 171.515 GC heap after
Heap after GC invocations=47 (full 31):
 PSYoungGen      total 374784K, used 145919K [0x00000000d6100000, 0x00000000fb000000, 0x0000000100000000)
  eden space 145920K, 99% used [0x00000000d6100000,0x00000000def7fff8,0x00000000def80000)
  from space 228864K, 0% used [0x00000000ecf00000,0x00000000ecf00000,0x00000000fae80000)
  to   space 228864K, 0% used [0x00000000def80000,0x00000000def80000,0x00000000ecf00000)
 ParOldGen       total 1375232K, used 1374923K [0x0000000082200000, 0x00000000d6100000, 0x00000000d6100000)
  object space 1375232K, 99% used [0x0000000082200000,0x00000000d60b2c60,0x00000000d6100000)
 Metaspace       used 4174K, capacity 4670K, committed 4864K, reserved 1056768K
  class space    used 477K, capacity 494K, committed 512K, reserved 1048576K
}
Event: 171.516 GC heap before
{Heap before GC invocations=48 (full 32):
 PSYoungGen      total 374784K, used 145919K [0x00000000d6100000, 0x00000000fb000000, 0x0000000100000000)
  eden space 145920K, 99% used [0x00000000d6100000,0x00000000def7fff8,0x00000000def80000)
  from space 228864K, 0% used [0x00000000ecf00000,0x00000000ecf00000,0x00000000fae80000)
  to   space 228864K, 0% used [0x00000000def80000,0x00000000def80000,0x00000000ecf00000)
 ParOldGen       total 1375232K, used 1374925K [0x0000000082200000, 0x00000000d6100000, 0x00000000d6100000)
  object space 1375232K, 99% used [0x0000000082200000,0x00000000d60b3600,0x00000000d6100000)
 Metaspace       used 4174K, capacity 4670K, committed 4864K, reserved 1056768K
  class space    used 477K, capacity 494K, committed 512K, reserved 1048576K

