# JRE version: Java(TM) SE Runtime Environment (8.0_144-b01) (build 1.8.0_144-b01)
# Java VM: Java HotSpot(TM) 64-Bit Server VM (25.144-b01 mixed mode windows-amd64 compressed oops)
Heap:
 PSYoungGen      total 364544K, used 135680K [0x00000000d6100000, 0x00000000fb780000, 0x0000000100000000)
  eden space 135680K, 100% used [0x00000000d6100000,0x00000000de580000,0x00000000de580000)
  from space 228864K, 0% used [0x00000000de580000,0x00000000de580000,0x00000000ec500000)
  to   space 228864K, 0% used [0x00000000ed800000,0x00000000ed800000,0x00000000fb780000)
 ParOldGen       total 1375232K, used 1374883K [0x0000000082200000, 0x00000000d6100000, 0x00000000d6100000)
  object space 1375232K, 99% used [0x0000000082200000,0x00000000d60a8c50,0x00000000d6100000)
 Metaspace       used 4179K, capacity 4670K, committed 4864K, reserved 1056768K
  class space    used 477K, capacity 494K, committed 512K, reserved 1048576K
GC Heap History (10 events):
Event: 44.996 GC heap after
Heap after GC invocations=25 (full 8):
 PSYoungGen      total 364544K, used 135679K [0x00000000d6100000, 0x00000000fb780000, 0x0000000100000000)
  eden space 135680K, 99% used [0x00000000d6100000,0x00000000de57fcc8,0x00000000de580000)
  from space 228864K, 0% used [0x00000000de580000,0x00000000de580000,0x00000000ec500000)
  to   space 228864K, 0% used [0x00000000ed800000,0x00000000ed800000,0x00000000fb780000)
 ParOldGen       total 1375232K, used 1374873K [0x0000000082200000, 0x00000000d6100000, 0x00000000d6100000)
  object space 1375232K, 99% used [0x0000000082200000,0x00000000d60a65e0,0x00000000d6100000)
 Metaspace       used 4179K, capacity 4670K, committed 4864K, reserved 1056768K
  class space    used 477K, capacity 494K, committed 512K, reserved 1048576K
}
Event: 44.996 GC heap before
{Heap before GC invocations=26 (full 9):
 PSYoungGen      total 364544K, used 135680K [0x00000000d6100000, 0x00000000fb780000, 0x0000000100000000)
  eden space 135680K, 100% used [0x00000000d6100000,0x00000000de580000,0x00000000de580000)
  from space 228864K, 0% used [0x00000000de580000,0x00000000de580000,0x00000000ec500000)
  to   space 228864K, 0% used [0x00000000ed800000,0x00000000ed800000,0x00000000fb780000)
 ParOldGen       total 1375232K, used 1374873K [0x0000000082200000, 0x00000000d6100000, 0x00000000d6100000)
  object space 1375232K, 99% used [0x0000000082200000,0x00000000d60a65e0,0x00000000d6100000)
 Metaspace       used 4179K, capacity 4670K, committed 4864K, reserved 1056768K
  class space    used 477K, capacity 494K, committed 512K, reserved 1048576K
Event: 50.261 GC heap after
Heap after GC invocations=26 (full 9):
 PSYoungGen      total 364544K, used 135679K [0x00000000d6100000, 0x00000000fb780000, 0x0000000100000000)
  eden space 135680K, 99% used [0x00000000d6100000,0x00000000de57ffe8,0x00000000de580000)
  from space 228864K, 0% used [0x00000000de580000,0x00000000de580000,0x00000000ec500000)
  to   space 228864K, 0% used [0x00000000ed800000,0x00000000ed800000,0x00000000fb780000)
 ParOldGen       total 1375232K, used 1374873K [0x0000000082200000, 0x00000000d6100000, 0x00000000d6100000)
  object space 1375232K, 99% used [0x0000000082200000,0x00000000d60a65e0,0x00000000d6100000)
 Metaspace       used 4179K, capacity 4670K, committed 4864K, reserved 1056768K
  class space    used 477K, capacity 494K, committed 512K, reserved 1048576K
}
Event: 50.262 GC heap before
{Heap before GC invocations=27 (full 10):
 PSYoungGen      total 364544K, used 135680K [0x00000000d6100000, 0x00000000fb780000, 0x0000000100000000)
  eden space 135680K, 100% used [0x00000000d6100000,0x00000000de580000,0x00000000de580000)
  from space 228864K, 0% used [0x00000000de580000,0x00000000de580000,0x00000000ec500000)
  to   space 228864K, 0% used [0x00000000ed800000,0x00000000ed800000,0x00000000fb780000)
 ParOldGen       total 1375232K, used 1374875K [0x0000000082200000, 0x00000000d6100000, 0x00000000d6100000)
  object space 1375232K, 99% used [0x0000000082200000,0x00000000d60a6f80,0x00000000d6100000)
 Metaspace       used 4179K, capacity 4670K, committed 4864K, reserved 1056768K
  class space    used 477K, capacity 494K, committed 512K, reserved 1048576K
Event: 55.192 GC heap after
Heap after GC invocations=27 (full 10):
 PSYoungGen      total 364544K, used 135680K [0x00000000d6100000, 0x00000000fb780000, 0x0000000100000000)
  eden space 135680K, 100% used [0x00000000d6100000,0x00000000de580000,0x00000000de580000)
  from space 228864K, 0% used [0x00000000de580000,0x00000000de580000,0x00000000ec500000)
  to   space 228864K, 0% used [0x00000000ed800000,0x00000000ed800000,0x00000000fb780000)
 ParOldGen       total 1375232K, used 1374875K [0x0000000082200000, 0x00000000d6100000, 0x00000000d6100000)
  object space 1375232K, 99% used [0x0000000082200000,0x00000000d60a6f80,0x00000000d6100000)
 Metaspace       used 4179K, capacity 4670K, committed 4864K, reserved 1056768K
  class space    used 477K, capacity 494K, committed 512K, reserved 1048576K
}
Event: 55.192 GC heap before
{Heap before GC invocations=28 (full 11):
 PSYoungGen      total 364544K, used 135680K [0x00000000d6100000, 0x00000000fb780000, 0x0000000100000000)
  eden space 135680K, 100% used [0x00000000d6100000,0x00000000de580000,0x00000000de580000)
  from space 228864K, 0% used [0x00000000de580000,0x00000000de580000,0x00000000ec500000)
  to   space 228864K, 0% used [0x00000000ed800000,0x00000000ed800000,0x00000000fb780000)
 ParOldGen       total 1375232K, used 1374878K [0x0000000082200000, 0x00000000d6100000, 0x00000000d6100000)
  object space 1375232K, 99% used [0x0000000082200000,0x00000000d60a7920,0x00000000d6100000)
 Metaspace       used 4179K, capacity 4670K, committed 4864K, reserved 1056768K
  class space    used 477K, capacity 494K, committed 512K, reserved 1048576K
Event: 60.243 GC heap after
Heap after GC invocations=28 (full 11):
 PSYoungGen      total 364544K, used 135680K [0x00000000d6100000, 0x00000000fb780000, 0x0000000100000000)
  eden space 135680K, 100% used [0x00000000d6100000,0x00000000de580000,0x00000000de580000)
  from space 228864K, 0% used [0x00000000de580000,0x00000000de580000,0x00000000ec500000)
  to   space 228864K, 0% used [0x00000000ed800000,0x00000000ed800000,0x00000000fb780000)
 ParOldGen       total 1375232K, used 1374878K [0x0000000082200000, 0x00000000d6100000, 0x00000000d6100000)
  object space 1375232K, 99% used [0x0000000082200000,0x00000000d60a7920,0x00000000d6100000)
 Metaspace       used 4179K, capacity 4670K, committed 4864K, reserved 1056768K
  class space    used 477K, capacity 494K, committed 512K, reserved 1048576K
}
Event: 60.243 GC heap before
{Heap before GC invocations=29 (full 12):
 PSYoungGen      total 364544K, used 135680K [0x00000000d6100000, 0x00000000fb780000, 0x0000000100000000)
  eden space 135680K, 100% used [0x00000000d6100000,0x00000000de580000,0x00000000de580000)
  from space 228864K, 0% used [0x00000000de580000,0x00000000de580000,0x00000000ec500000)
  to   space 228864K, 0% used [0x00000000ed800000,0x00000000ed800000,0x00000000fb780000)
 ParOldGen       total 1375232K, used 1374880K [0x0000000082200000, 0x00000000d6100000, 0x00000000d6100000)
  object space 1375232K, 99% used [0x0000000082200000,0x00000000d60a82b8,0x00000000d6100000)
 Metaspace       used 4179K, capacity 4670K, committed 4864K, reserved 1056768K
  class space    used 477K, capacity 494K, committed 512K, reserved 1048576K
Event: 65.201 GC heap after
Heap after GC invocations=29 (full 12):
 PSYoungGen      total 364544K, used 135680K [0x00000000d6100000, 0x00000000fb780000, 0x0000000100000000)
  eden space 135680K, 100% used [0x00000000d6100000,0x00000000de580000,0x00000000de580000)
  from space 228864K, 0% used [0x00000000de580000,0x00000000de580000,0x00000000ec500000)
  to   space 228864K, 0% used [0x00000000ed800000,0x00000000ed800000,0x00000000fb780000)
 ParOldGen       total 1375232K, used 1374880K [0x0000000082200000, 0x00000000d6100000, 0x00000000d6100000)
  object space 1375232K, 99% used [0x0000000082200000,0x00000000d60a82b8,0x00000000d6100000)
 Metaspace       used 4179K, capacity 4670K, committed 4864K, reserved 1056768K
  class space    used 477K, capacity 494K, committed 512K, reserved 1048576K
}
Event: 65.201 GC heap before
{Heap before GC invocations=30 (full 13):
 PSYoungGen      total 364544K, used 135680K [0x00000000d6100000, 0x00000000fb780000, 0x0000000100000000)
  eden space 135680K, 100% used [0x00000000d6100000,0x00000000de580000,0x00000000de580000)
  from space 228864K, 0% used [0x00000000de580000,0x00000000de580000,0x00000000ec500000)
  to   space 228864K, 0% used [0x00000000ed800000,0x00000000ed800000,0x00000000fb780000)
 ParOldGen       total 1375232K, used 1374883K [0x0000000082200000, 0x00000000d6100000, 0x00000000d6100000)
  object space 1375232K, 99% used [0x0000000082200000,0x00000000d60a8c50,0x00000000d6100000)
 Metaspace       used 4179K, capacity 4670K, committed 4864K, reserved 1056768K
  class space    used 477K, capacity 494K, committed 512K, reserved 1048576K

